<?xml version="1.0" encoding="UTF-8"?>
<!-- Generated by org.testng.reporters.JUnitReportReporter -->
<testsuite hostname="DESKTOP-JQMRTU6" failures="0" tests="1" name="testng.Softassert" time="0.017" errors="0" timestamp="2023-01-06T12:59:35 IST" skipped="0">
  <testcase classname="testng.Softassert" name="h1" time="0.017"/>
  <system-out/>
</testsuite> <!-- testng.Softassert -->
