<?xml version="1.0" encoding="UTF-8"?>
<!-- Generated by org.testng.reporters.JUnitReportReporter -->
<testsuite hostname="DESKTOP-JQMRTU6" failures="0" tests="1" name="testng.Assert_notequal" time="0.015" errors="0" timestamp="2023-01-06T12:42:41 IST" skipped="0">
  <testcase classname="testng.Assert_notequal" name="g1" time="0.015"/>
  <system-out>
    <![CDATA[running from g1]]>
  </system-out>
</testsuite> <!-- testng.Assert_notequal -->
